<?xml version="1.0" encoding="UTF-8"?>
<testng-results ignored="0" total="5" passed="5" failed="0" skipped="0">
  <reporter-output>
  </reporter-output>
  <suite started-at="2023-12-16T12:30:08 EST" name="Default suite" finished-at="2023-12-16T12:30:54 EST" duration-ms="45966">
    <groups>
    </groups>
    <test started-at="2023-12-16T12:30:08 EST" name="Default test" finished-at="2023-12-16T12:30:54 EST" duration-ms="45966">
      <class name="com.seleniumDec.eCommerceWeb">
        <test-method is-config="true" signature="setup()[pri:0, instance:com.seleniumDec.eCommerceWeb@75d4a5c2]" started-at="2023-12-16T12:30:08 EST" name="setup" finished-at="2023-12-16T12:30:10 EST" duration-ms="2490" status="PASS">
          <reporter-output>
          </reporter-output>
        </test-method> <!-- setup -->
        <test-method signature="Login()[pri:0, instance:com.seleniumDec.eCommerceWeb@75d4a5c2]" started-at="2023-12-16T12:30:10 EST" name="Login" finished-at="2023-12-16T12:30:16 EST" duration-ms="6166" status="PASS">
          <reporter-output>
          </reporter-output>
        </test-method> <!-- Login -->
        <test-method signature="search()[pri:1, instance:com.seleniumDec.eCommerceWeb@75d4a5c2]" started-at="2023-12-16T12:30:16 EST" name="search" finished-at="2023-12-16T12:30:22 EST" duration-ms="5784" status="PASS">
          <reporter-output>
          </reporter-output>
        </test-method> <!-- search -->
        <test-method signature="addToCart()[pri:2, instance:com.seleniumDec.eCommerceWeb@75d4a5c2]" started-at="2023-12-16T12:30:22 EST" name="addToCart" finished-at="2023-12-16T12:30:35 EST" depends-on-methods="com.seleniumDec.eCommerceWeb.search" duration-ms="12473" status="PASS">
          <reporter-output>
          </reporter-output>
        </test-method> <!-- addToCart -->
        <test-method signature="subtotal()[pri:3, instance:com.seleniumDec.eCommerceWeb@75d4a5c2]" started-at="2023-12-16T12:30:35 EST" name="subtotal" finished-at="2023-12-16T12:30:39 EST" depends-on-methods="com.seleniumDec.eCommerceWeb.addToCart" duration-ms="4066" status="PASS">
          <reporter-output>
          </reporter-output>
        </test-method> <!-- subtotal -->
        <test-method signature="checkout()[pri:4, instance:com.seleniumDec.eCommerceWeb@75d4a5c2]" started-at="2023-12-16T12:30:39 EST" name="checkout" finished-at="2023-12-16T12:30:53 EST" depends-on-methods="com.seleniumDec.eCommerceWeb.subtotal" duration-ms="14475" status="PASS">
          <reporter-output>
          </reporter-output>
        </test-method> <!-- checkout -->
        <test-method is-config="true" signature="tearDown()[pri:0, instance:com.seleniumDec.eCommerceWeb@75d4a5c2]" started-at="2023-12-16T12:30:53 EST" name="tearDown" finished-at="2023-12-16T12:30:54 EST" duration-ms="448" status="PASS">
          <reporter-output>
          </reporter-output>
        </test-method> <!-- tearDown -->
      </class> <!-- com.seleniumDec.eCommerceWeb -->
    </test> <!-- Default test -->
  </suite> <!-- Default suite -->
</testng-results>
