<?xml version="1.0" encoding="UTF-8"?>
<testng-results ignored="0" total="1" passed="1" failed="0" skipped="0">
  <reporter-output>
  </reporter-output>
  <suite started-at="2024-01-04T17:09:24 EST" name="Default suite" finished-at="2024-01-04T17:09:28 EST" duration-ms="3930">
    <groups>
    </groups>
    <test started-at="2024-01-04T17:09:24 EST" name="Default test" finished-at="2024-01-04T17:09:28 EST" duration-ms="3930">
      <class name="com.seleniumDec.saucedemo">
        <test-method is-config="true" signature="setup()[pri:0, instance:com.seleniumDec.saucedemo@62379589]" started-at="2024-01-04T17:09:24 EST" name="setup" finished-at="2024-01-04T17:09:27 EST" duration-ms="2945" status="PASS">
          <reporter-output>
          </reporter-output>
        </test-method> <!-- setup -->
        <test-method signature="Login()[pri:0, instance:com.seleniumDec.saucedemo@62379589]" started-at="2024-01-04T17:09:27 EST" name="Login" finished-at="2024-01-04T17:09:27 EST" duration-ms="762" status="PASS">
          <reporter-output>
          </reporter-output>
        </test-method> <!-- Login -->
        <test-method is-config="true" signature="tearDown()[pri:0, instance:com.seleniumDec.saucedemo@62379589]" started-at="2024-01-04T17:09:27 EST" name="tearDown" finished-at="2024-01-04T17:09:28 EST" duration-ms="184" status="PASS">
          <reporter-output>
          </reporter-output>
        </test-method> <!-- tearDown -->
      </class> <!-- com.seleniumDec.saucedemo -->
    </test> <!-- Default test -->
  </suite> <!-- Default suite -->
</testng-results>
