<?xml version="1.0" encoding="UTF-8"?>
<!-- Generated by org.testng.reporters.JUnitXMLReporter -->
<testsuite ignored="0" hostname="DESKTOP-LPCAOOD" failures="0" tests="4" name="Default test" time="15.111" errors="0" timestamp="2024-01-07T09:04:53 EST">
  <testcase classname="com.seleniumDec.saucedemo" name="Login" time="3.62"/>
  <testcase classname="com.seleniumDec.saucedemo" name="productPage" time="6.268"/>
  <testcase classname="com.seleniumDec.saucedemo" name="checkoutPage" time="3.335"/>
  <testcase classname="com.seleniumDec.saucedemo" name="thankPage" time="0.111"/>
</testsuite> <!-- Default test -->
