<?xml version="1.0" encoding="UTF-8"?>
<!-- Generated by org.testng.reporters.JUnitXMLReporter -->
<testsuite ignored="0" hostname="DESKTOP-LPCAOOD" failures="0" tests="5" name="Default test" time="35.058" errors="0" timestamp="2023-12-14T14:18:54 EST">
  <testcase classname="com.seleniumDec.eCommerceWeb" name="Login" time="8.916"/>
  <testcase classname="com.seleniumDec.eCommerceWeb" name="search" time="7.511"/>
  <testcase classname="com.seleniumDec.eCommerceWeb" name="addToCart" time="13.038"/>
  <testcase classname="com.seleniumDec.eCommerceWeb" name="subtotal" time="0.021"/>
  <testcase classname="com.seleniumDec.eCommerceWeb" name="deleteCart" time="2.275"/>
</testsuite> <!-- Default test -->
